<?xml version="1.0" encoding="UTF-8"?>
<testng-results skipped="0" failed="0" total="1" passed="1">
  <reporter-output>
    <line>
      <![CDATA[<html><head><style>table, th, td { border: 1px solid black; border-collapse: collapse;}</style></head><body>]]>
    </line>
    <line>
      <![CDATA[<table><tr><th><b>Login Status: </th ><td bgcolor='#00FF00'><b>Login Successfull</b></td></tr></table>]]>
    </line>
    <line>
      <![CDATA[<table><tr><th><b> Number of Objects taken for this Execution: </b></th><td>  4  </td></tr></table></br>]]>
    </line>
    <line>
      <![CDATA[</br><table>]]>
    </line>
    <line>
      <![CDATA[<tr><th bgcolor='#4B0082'><b>OBJECT TESTING: </b>Account</th><td>]]>
    </line>
    <line>
      <![CDATA[<table>]]>
    </line>
    <line>
      <![CDATA[<tr><td>]]>
    </line>
    <line>
      <![CDATA[<table><tr><th>RECORD TYPE: Business</th></tr><tr><td>]]>
    </line>
    <line>
      <![CDATA[<table><tr><th><b>PROFILE: Abbott CAM Administrator</b></th></tr>]]>
    </line>
    <line>
      <![CDATA[<table><tr bgcolor='#2EB8E6'><th>Fields</th><th>Source (Baseline Excel)  </th><th>Target (Application)  </th><th>Result</th></tr>]]>
    </line>
    <line>
      <![CDATA[<tr><th bgcolor='gray'><b># Beds</b></th><td> Editable</td><td>Editable</td><th> <font color='green'><b> PASS </b></font><br/></th></tr>]]>
    </line>
    <line>
      <![CDATA[<tr><th bgcolor='gray'><b># Billing</b></th><td> Editable</td><td>Editable</td><th> <font color='green'><b> PASS </b></font><br/></th></tr>]]>
    </line>
    <line>
      <![CDATA[<tr><th bgcolor='gray'><b># Departments</b></th><td> Hidden</td><td>Hidden</td><th> <font color='green'><b> PASS </b></font><br/></th></tr>]]>
    </line>
    <line>
      <![CDATA[<tr><th bgcolor='gray'><b># Employees</b></th><td> Editable</td><td>Editable</td><th> <font color='green'><b> PASS </b></font><br/></th></tr>]]>
    </line>
    <line>
      <![CDATA[<tr><th bgcolor='gray'><b># Endometrial Procedures</b></th><td> Hidden</td><td>Hidden</td><th> <font color='green'><b> PASS </b></font><br/></th></tr>]]>
    </line>
    <line>
      <![CDATA[<tr><th bgcolor='gray'><b># Fellows</b></th><td> Editable</td><td>Editable</td><th> <font color='green'><b> PASS </b></font><br/></th></tr>]]>
    </line>
    <line>
      <![CDATA[<tr><th bgcolor='gray'><b># Hospitals Serviced</b></th><td> Editable</td><td>Editable</td><th> <font color='green'><b> PASS </b></font><br/></th></tr>]]>
    </line>
    <line>
      <![CDATA[<tr><th bgcolor='gray'><b># Infusion Chairs</b></th><td> Editable</td><td>Editable</td><th> <font color='green'><b> PASS </b></font><br/></th></tr>]]>
    </line>
    <line>
      <![CDATA[<tr><th bgcolor='gray'><b># NPs</b></th><td> Editable</td><td>Editable</td><th> <font color='green'><b> PASS </b></font><br/></th></tr>]]>
    </line>
    <line>
      <![CDATA[</tr></table></br>]]>
    </line>
    <line>
      <![CDATA[<table><tr><th>Pass Count : 9</th><th>Fail Count : 0</th></tr></table></br>]]>
    </line>
    <line>
      <![CDATA[<table><tr><th><b>PROFILE: Invalid Account Profile</b></th></tr>]]>
    </line>
    <line>
      <![CDATA[]]>
    </line>
    <line>
      <![CDATA[<table><tr><th><font color='red'><b>ERROR: </b></th><td> Profile (Invalid Account Profile) not found in the Application </td></tr></table>]]>
    </line>
    <line>
      <![CDATA[</td></tr></table>]]>
    </line>
    <line>
      <![CDATA[<tr><td>]]>
    </line>
    <line>
      <![CDATA[<table><tr><th>RECORD TYPE: Invalid Account Record Type</th></tr><tr><td>]]>
    </line>
    <line>
      <![CDATA[]]>
    </line>
    <line>
      <![CDATA[<table><tr><th><font color='red'><b>ERROR: </b></th><td> Record Type (Invalid Account Record Type) not found in the Application </td></tr></table></br>]]>
    </line>
    <line>
      <![CDATA[</td></tr></table>]]>
    </line>
    <line>
      <![CDATA[</table>]]>
    </line>
    <line>
      <![CDATA[</td></table>]]>
    </line>
    <line>
      <![CDATA[</td></table>]]>
    </line>
    <line>
      <![CDATA[</br><table>]]>
    </line>
    <line>
      <![CDATA[<tr><th bgcolor='#4B0082'><b>OBJECT TESTING: </b>Call</th><td>]]>
    </line>
    <line>
      <![CDATA[<table>]]>
    </line>
    <line>
      <![CDATA[<tr><td>]]>
    </line>
    <line>
      <![CDATA[<table><tr><th>RECORD TYPE: HCP Detail Call</th></tr><tr><td>]]>
    </line>
    <line>
      <![CDATA[<table><tr><th><b>PROFILE: Abbott CAM Administrator</b></th></tr>]]>
    </line>
    <line>
      <![CDATA[<table><tr bgcolor='#2EB8E6'><th>Fields</th><th>Source (Baseline Excel)  </th><th>Target (Application)  </th><th>Result</th></tr>]]>
    </line>
    <line>
      <![CDATA[<tr><th bgcolor='gray'><b>24 X 7 nurse phone support</b></th><td> Editable</td><td>Editable</td><th> <font color='green'><b> PASS </b></font><br/></th></tr>]]>
    </line>
    <line>
      <![CDATA[<tr><th bgcolor='gray'><b>360 View</b></th><td> Hidden</td><td>Hidden</td><th> <font color='green'><b> PASS </b></font><br/></th></tr>]]>
    </line>
    <line>
      <![CDATA[<tr><th bgcolor='gray'><b>Account</b></th><td> Required</td><td>Required</td><th> <font color='green'><b> PASS </b></font><br/></th></tr>]]>
    </line>
    <line>
      <![CDATA[<tr><th bgcolor='gray'><b>Account Plan</b></th><td> Hidden</td><td>Hidden</td><th> <font color='green'><b> PASS </b></font><br/></th></tr>]]>
    </line>
    <line>
      <![CDATA[<tr><th bgcolor='gray'><b>Activity Type</b></th><td> Hidden</td><td>Hidden</td><th> <font color='green'><b> PASS </b></font><br/></th></tr>]]>
    </line>
    <line>
      <![CDATA[<tr><th bgcolor='gray'><b>Add Detail</b></th><td> Hidden</td><td>Hidden</td><th> <font color='green'><b> PASS </b></font><br/></th></tr>]]>
    </line>
    <line>
      <![CDATA[<tr><th bgcolor='gray'><b>Add Key Message</b></th><td> Hidden</td><td>Hidden</td><th> <font color='green'><b> PASS </b></font><br/></th></tr>]]>
    </line>
    <line>
      <![CDATA[<tr><th bgcolor='gray'><b>Address</b></th><td> Required</td><td>Required</td><th> <font color='green'><b> PASS </b></font><br/></th></tr>]]>
    </line>
    <line>
      <![CDATA[<tr><th bgcolor='gray'><b>Address Line 1</b></th><td> Hidden</td><td>Hidden</td><th> <font color='green'><b> PASS </b></font><br/></th></tr>]]>
    </line>
    <line>
      <![CDATA[<tr><th bgcolor='gray'><b>Address Line 2</b></th><td> Hidden</td><td>Hidden</td><th> <font color='green'><b> PASS </b></font><br/></th></tr>]]>
    </line>
    <line>
      <![CDATA[</tr></table></br>]]>
    </line>
    <line>
      <![CDATA[<table><tr><th>Pass Count : 10</th><th>Fail Count : 0</th></tr></table></br>]]>
    </line>
    <line>
      <![CDATA[<table><tr><th><b>PROFILE: Invalid Call Profile</b></th></tr>]]>
    </line>
    <line>
      <![CDATA[]]>
    </line>
    <line>
      <![CDATA[<table><tr><th><font color='red'><b>ERROR: </b></th><td> Profile (Invalid Call Profile) not found in the Application </td></tr></table>]]>
    </line>
    <line>
      <![CDATA[</td></tr></table>]]>
    </line>
    <line>
      <![CDATA[<tr><td>]]>
    </line>
    <line>
      <![CDATA[<table><tr><th>RECORD TYPE: random Call</th></tr><tr><td>]]>
    </line>
    <line>
      <![CDATA[]]>
    </line>
    <line>
      <![CDATA[<table><tr><th><font color='red'><b>ERROR: </b></th><td> Record Type (random Call) not found in the Application </td></tr></table></br>]]>
    </line>
    <line>
      <![CDATA[</td></tr></table>]]>
    </line>
    <line>
      <![CDATA[</table>]]>
    </line>
    <line>
      <![CDATA[</td></table>]]>
    </line>
    <line>
      <![CDATA[</td></table>]]>
    </line>
    <line>
      <![CDATA[</br><table>]]>
    </line>
    <line>
      <![CDATA[<tr><th bgcolor='#4B0082'><b>OBJECT TESTING: </b>Activity</th><td>]]>
    </line>
    <line>
      <![CDATA[<table><tr><th><font color='red'><b>ERROR: </b></th><td> Object (Activity) not found in the Application </td></tr></table> ]]>
    </line>
    <line>
      <![CDATA[</td></table>]]>
    </line>
    <line>
      <![CDATA[</br><table>]]>
    </line>
    <line>
      <![CDATA[<tr><th bgcolor='#4B0082'><b>OBJECT TESTING: </b>Directory</th><td>]]>
    </line>
    <line>
      <![CDATA[<table><tr><th><font color='red'><b>ERROR: </b></th><td> Baseline sheet for Directory not found</td></tr></table>]]>
    </line>
    <line>
      <![CDATA[</td></table>]]>
    </line>
    <line>
      <![CDATA[</td></table>]]>
    </line>
    <line>
      <![CDATA[</body></html>]]>
    </line>
  </reporter-output>
  <suite name="Default suite" duration-ms="166468" started-at="2015-11-08T15:32:46Z" finished-at="2015-11-08T15:35:33Z">
    <groups>
    </groups>
    <test name="Default test" duration-ms="166468" started-at="2015-11-08T15:32:46Z" finished-at="2015-11-08T15:35:33Z">
      <class name="com.email.scripts.GetFieldsAcceble">
        <test-method status="PASS" signature="preCondition()[pri:0, instance:com.email.scripts.GetFieldsAcceble@1c53fd30]" name="preCondition" is-config="true" duration-ms="11383" started-at="2015-11-08T21:02:46Z" finished-at="2015-11-08T21:02:58Z">
          <reporter-output>
          </reporter-output>
        </test-method> <!-- preCondition -->
        <test-method status="PASS" signature="getFields()[pri:0, instance:com.email.scripts.GetFieldsAcceble@1c53fd30]" name="getFields" duration-ms="152741" started-at="2015-11-08T21:02:58Z" finished-at="2015-11-08T21:05:31Z">
          <reporter-output>
            <line>
              <![CDATA[<html><head><style>table, th, td { border: 1px solid black; border-collapse: collapse;}</style></head><body>]]>
            </line>
            <line>
              <![CDATA[<table><tr><th><b>Login Status: </th ><td bgcolor='#00FF00'><b>Login Successfull</b></td></tr></table>]]>
            </line>
            <line>
              <![CDATA[<table><tr><th><b> Number of Objects taken for this Execution: </b></th><td>  4  </td></tr></table></br>]]>
            </line>
            <line>
              <![CDATA[</br><table>]]>
            </line>
            <line>
              <![CDATA[<tr><th bgcolor='#4B0082'><b>OBJECT TESTING: </b>Account</th><td>]]>
            </line>
            <line>
              <![CDATA[<table>]]>
            </line>
            <line>
              <![CDATA[<tr><td>]]>
            </line>
            <line>
              <![CDATA[<table><tr><th>RECORD TYPE: Business</th></tr><tr><td>]]>
            </line>
            <line>
              <![CDATA[<table><tr><th><b>PROFILE: Abbott CAM Administrator</b></th></tr>]]>
            </line>
            <line>
              <![CDATA[<table><tr bgcolor='#2EB8E6'><th>Fields</th><th>Source (Baseline Excel)  </th><th>Target (Application)  </th><th>Result</th></tr>]]>
            </line>
            <line>
              <![CDATA[<tr><th bgcolor='gray'><b># Beds</b></th><td> Editable</td><td>Editable</td><th> <font color='green'><b> PASS </b></font><br/></th></tr>]]>
            </line>
            <line>
              <![CDATA[<tr><th bgcolor='gray'><b># Billing</b></th><td> Editable</td><td>Editable</td><th> <font color='green'><b> PASS </b></font><br/></th></tr>]]>
            </line>
            <line>
              <![CDATA[<tr><th bgcolor='gray'><b># Departments</b></th><td> Hidden</td><td>Hidden</td><th> <font color='green'><b> PASS </b></font><br/></th></tr>]]>
            </line>
            <line>
              <![CDATA[<tr><th bgcolor='gray'><b># Employees</b></th><td> Editable</td><td>Editable</td><th> <font color='green'><b> PASS </b></font><br/></th></tr>]]>
            </line>
            <line>
              <![CDATA[<tr><th bgcolor='gray'><b># Endometrial Procedures</b></th><td> Hidden</td><td>Hidden</td><th> <font color='green'><b> PASS </b></font><br/></th></tr>]]>
            </line>
            <line>
              <![CDATA[<tr><th bgcolor='gray'><b># Fellows</b></th><td> Editable</td><td>Editable</td><th> <font color='green'><b> PASS </b></font><br/></th></tr>]]>
            </line>
            <line>
              <![CDATA[<tr><th bgcolor='gray'><b># Hospitals Serviced</b></th><td> Editable</td><td>Editable</td><th> <font color='green'><b> PASS </b></font><br/></th></tr>]]>
            </line>
            <line>
              <![CDATA[<tr><th bgcolor='gray'><b># Infusion Chairs</b></th><td> Editable</td><td>Editable</td><th> <font color='green'><b> PASS </b></font><br/></th></tr>]]>
            </line>
            <line>
              <![CDATA[<tr><th bgcolor='gray'><b># NPs</b></th><td> Editable</td><td>Editable</td><th> <font color='green'><b> PASS </b></font><br/></th></tr>]]>
            </line>
            <line>
              <![CDATA[</tr></table></br>]]>
            </line>
            <line>
              <![CDATA[<table><tr><th>Pass Count : 9</th><th>Fail Count : 0</th></tr></table></br>]]>
            </line>
            <line>
              <![CDATA[<table><tr><th><b>PROFILE: Invalid Account Profile</b></th></tr>]]>
            </line>
            <line>
              <![CDATA[]]>
            </line>
            <line>
              <![CDATA[<table><tr><th><font color='red'><b>ERROR: </b></th><td> Profile (Invalid Account Profile) not found in the Application </td></tr></table>]]>
            </line>
            <line>
              <![CDATA[</td></tr></table>]]>
            </line>
            <line>
              <![CDATA[<tr><td>]]>
            </line>
            <line>
              <![CDATA[<table><tr><th>RECORD TYPE: Invalid Account Record Type</th></tr><tr><td>]]>
            </line>
            <line>
              <![CDATA[]]>
            </line>
            <line>
              <![CDATA[<table><tr><th><font color='red'><b>ERROR: </b></th><td> Record Type (Invalid Account Record Type) not found in the Application </td></tr></table></br>]]>
            </line>
            <line>
              <![CDATA[</td></tr></table>]]>
            </line>
            <line>
              <![CDATA[</table>]]>
            </line>
            <line>
              <![CDATA[</td></table>]]>
            </line>
            <line>
              <![CDATA[</td></table>]]>
            </line>
            <line>
              <![CDATA[</br><table>]]>
            </line>
            <line>
              <![CDATA[<tr><th bgcolor='#4B0082'><b>OBJECT TESTING: </b>Call</th><td>]]>
            </line>
            <line>
              <![CDATA[<table>]]>
            </line>
            <line>
              <![CDATA[<tr><td>]]>
            </line>
            <line>
              <![CDATA[<table><tr><th>RECORD TYPE: HCP Detail Call</th></tr><tr><td>]]>
            </line>
            <line>
              <![CDATA[<table><tr><th><b>PROFILE: Abbott CAM Administrator</b></th></tr>]]>
            </line>
            <line>
              <![CDATA[<table><tr bgcolor='#2EB8E6'><th>Fields</th><th>Source (Baseline Excel)  </th><th>Target (Application)  </th><th>Result</th></tr>]]>
            </line>
            <line>
              <![CDATA[<tr><th bgcolor='gray'><b>24 X 7 nurse phone support</b></th><td> Editable</td><td>Editable</td><th> <font color='green'><b> PASS </b></font><br/></th></tr>]]>
            </line>
            <line>
              <![CDATA[<tr><th bgcolor='gray'><b>360 View</b></th><td> Hidden</td><td>Hidden</td><th> <font color='green'><b> PASS </b></font><br/></th></tr>]]>
            </line>
            <line>
              <![CDATA[<tr><th bgcolor='gray'><b>Account</b></th><td> Required</td><td>Required</td><th> <font color='green'><b> PASS </b></font><br/></th></tr>]]>
            </line>
            <line>
              <![CDATA[<tr><th bgcolor='gray'><b>Account Plan</b></th><td> Hidden</td><td>Hidden</td><th> <font color='green'><b> PASS </b></font><br/></th></tr>]]>
            </line>
            <line>
              <![CDATA[<tr><th bgcolor='gray'><b>Activity Type</b></th><td> Hidden</td><td>Hidden</td><th> <font color='green'><b> PASS </b></font><br/></th></tr>]]>
            </line>
            <line>
              <![CDATA[<tr><th bgcolor='gray'><b>Add Detail</b></th><td> Hidden</td><td>Hidden</td><th> <font color='green'><b> PASS </b></font><br/></th></tr>]]>
            </line>
            <line>
              <![CDATA[<tr><th bgcolor='gray'><b>Add Key Message</b></th><td> Hidden</td><td>Hidden</td><th> <font color='green'><b> PASS </b></font><br/></th></tr>]]>
            </line>
            <line>
              <![CDATA[<tr><th bgcolor='gray'><b>Address</b></th><td> Required</td><td>Required</td><th> <font color='green'><b> PASS </b></font><br/></th></tr>]]>
            </line>
            <line>
              <![CDATA[<tr><th bgcolor='gray'><b>Address Line 1</b></th><td> Hidden</td><td>Hidden</td><th> <font color='green'><b> PASS </b></font><br/></th></tr>]]>
            </line>
            <line>
              <![CDATA[<tr><th bgcolor='gray'><b>Address Line 2</b></th><td> Hidden</td><td>Hidden</td><th> <font color='green'><b> PASS </b></font><br/></th></tr>]]>
            </line>
            <line>
              <![CDATA[</tr></table></br>]]>
            </line>
            <line>
              <![CDATA[<table><tr><th>Pass Count : 10</th><th>Fail Count : 0</th></tr></table></br>]]>
            </line>
            <line>
              <![CDATA[<table><tr><th><b>PROFILE: Invalid Call Profile</b></th></tr>]]>
            </line>
            <line>
              <![CDATA[]]>
            </line>
            <line>
              <![CDATA[<table><tr><th><font color='red'><b>ERROR: </b></th><td> Profile (Invalid Call Profile) not found in the Application </td></tr></table>]]>
            </line>
            <line>
              <![CDATA[</td></tr></table>]]>
            </line>
            <line>
              <![CDATA[<tr><td>]]>
            </line>
            <line>
              <![CDATA[<table><tr><th>RECORD TYPE: random Call</th></tr><tr><td>]]>
            </line>
            <line>
              <![CDATA[]]>
            </line>
            <line>
              <![CDATA[<table><tr><th><font color='red'><b>ERROR: </b></th><td> Record Type (random Call) not found in the Application </td></tr></table></br>]]>
            </line>
            <line>
              <![CDATA[</td></tr></table>]]>
            </line>
            <line>
              <![CDATA[</table>]]>
            </line>
            <line>
              <![CDATA[</td></table>]]>
            </line>
            <line>
              <![CDATA[</td></table>]]>
            </line>
            <line>
              <![CDATA[</br><table>]]>
            </line>
            <line>
              <![CDATA[<tr><th bgcolor='#4B0082'><b>OBJECT TESTING: </b>Activity</th><td>]]>
            </line>
            <line>
              <![CDATA[<table><tr><th><font color='red'><b>ERROR: </b></th><td> Object (Activity) not found in the Application </td></tr></table> ]]>
            </line>
            <line>
              <![CDATA[</td></table>]]>
            </line>
            <line>
              <![CDATA[</br><table>]]>
            </line>
            <line>
              <![CDATA[<tr><th bgcolor='#4B0082'><b>OBJECT TESTING: </b>Directory</th><td>]]>
            </line>
            <line>
              <![CDATA[<table><tr><th><font color='red'><b>ERROR: </b></th><td> Baseline sheet for Directory not found</td></tr></table>]]>
            </line>
            <line>
              <![CDATA[</td></table>]]>
            </line>
            <line>
              <![CDATA[</td></table>]]>
            </line>
            <line>
              <![CDATA[</body></html>]]>
            </line>
          </reporter-output>
        </test-method> <!-- getFields -->
        <test-method status="PASS" signature="postCondition()[pri:0, instance:com.email.scripts.GetFieldsAcceble@1c53fd30]" name="postCondition" is-config="true" duration-ms="2327" started-at="2015-11-08T21:05:31Z" finished-at="2015-11-08T21:05:33Z">
          <reporter-output>
          </reporter-output>
        </test-method> <!-- postCondition -->
      </class> <!-- com.email.scripts.GetFieldsAcceble -->
    </test> <!-- Default test -->
  </suite> <!-- Default suite -->
</testng-results>
